<?xml version="1.0" encoding="UTF-8"?>
<testsuite name="io.eventspec.analytics.amplitude.AmplitudeProviderTest" tests="5" skipped="0" failures="0" errors="0" timestamp="2026-05-29T01:33:59" hostname="DEJAN-DESKTOP" time="0.144">
  <properties/>
  <testcase name="track enqueues event without throwing()" classname="io.eventspec.analytics.amplitude.AmplitudeProviderTest" time="0.126"/>
  <testcase name="page throws UnsupportedOperationException()" classname="io.eventspec.analytics.amplitude.AmplitudeProviderTest" time="0.004"/>
  <testcase name="group throws UnsupportedOperationException()" classname="io.eventspec.analytics.amplitude.AmplitudeProviderTest" time="0.004"/>
  <testcase name="toAmplitudeEvent maps fields correctly()" classname="io.eventspec.analytics.amplitude.AmplitudeProviderTest" time="0.006"/>
  <testcase name="metadata returns amplitude name()" classname="io.eventspec.analytics.amplitude.AmplitudeProviderTest" time="0.002"/>
  <system-out><![CDATA[]]></system-out>
  <system-err><![CDATA[]]></system-err>
</testsuite>
