<?xml version="1.0" encoding="UTF-8"?>
<testsuite name="io.eventspec.analytics.ClientTest" tests="18" skipped="0" failures="0" errors="0" timestamp="2026-05-29T01:33:58" hostname="DEJAN-DESKTOP" time="0.216">
  <properties/>
  <testcase name="before hook can mutate event name()" classname="io.eventspec.analytics.ClientTest" time="0.147"/>
  <testcase name="setContext updates client context after construction()" classname="io.eventspec.analytics.ClientTest" time="0.004"/>
  <testcase name="alias dispatches with userId and previousId()" classname="io.eventspec.analytics.ClientTest" time="0.005"/>
  <testcase name="page dispatches with name and properties()" classname="io.eventspec.analytics.ClientTest" time="0.005"/>
  <testcase name="before hook cancellation prevents dispatch()" classname="io.eventspec.analytics.ClientTest" time="0.003"/>
  <testcase name="trackDetailed returns success result()" classname="io.eventspec.analytics.ClientTest" time="0.003"/>
  <testcase name="trackDetailed returns failure when provider throws()" classname="io.eventspec.analytics.ClientTest" time="0.003"/>
  <testcase name="transaction context is level 2()" classname="io.eventspec.analytics.ClientTest" time="0.003"/>
  <testcase name="track dispatches to multiple providers()" classname="io.eventspec.analytics.ClientTest" time="0.006"/>
  <testcase name="group dispatches with groupId and traits()" classname="io.eventspec.analytics.ClientTest" time="0.003"/>
  <testcase name="global context is lowest priority()" classname="io.eventspec.analytics.ClientTest" time="0.002"/>
  <testcase name="client context (level 3) overrides transaction (level 2)()" classname="io.eventspec.analytics.ClientTest" time="0.002"/>
  <testcase name="invocation override (level 4) wins over all()" classname="io.eventspec.analytics.ClientTest" time="0.002"/>
  <testcase name="client context overrides global context()" classname="io.eventspec.analytics.ClientTest" time="0.002"/>
  <testcase name="track generates unique messageId per call()" classname="io.eventspec.analytics.ClientTest" time="0.004"/>
  <testcase name="identify dispatches with userId and traits()" classname="io.eventspec.analytics.ClientTest" time="0.004"/>
  <testcase name="trackDetailed partial success when one of two fails()" classname="io.eventspec.analytics.ClientTest" time="0.002"/>
  <testcase name="track dispatches to provider()" classname="io.eventspec.analytics.ClientTest" time="0.002"/>
  <system-out><![CDATA[]]></system-out>
  <system-err><![CDATA[]]></system-err>
</testsuite>
